New macOS version detected
Dumping headers...
/Users/w0lf/GitHub/wb_headers/macOS/Applications/GitHub Desktop/1.1.1
GitHub Desktop : 1.1.1
Dumping headers for : /Applications/GitHub Desktop.app
Successfully dumped unprotected file

/Users/w0lf/GitHub/wb_headers/macOS/Applications/Google Chrome Canary/3382.0
Google Chrome Canary : 3382.0
Dumping headers for : /Applications/Google Chrome Canary.app
Successfully dumped unprotected file

/Users/w0lf/GitHub/wb_headers/macOS/Applications/Google Chrome/3325.181
Google Chrome : 3325.181
Dumping headers for : /Applications/Google Chrome.app
Successfully dumped unprotected file

/Users/w0lf/GitHub/wb_headers/macOS/Applications/Keynote/5576
Keynote : 5576
Dumping headers for : /Applications/Keynote.app
Successfully dumped unprotected file

/Users/w0lf/GitHub/wb_headers/macOS/Applications/Numbers/5576
Numbers : 5576
Dumping headers for : /Applications/Numbers.app
Successfully dumped unprotected file

/Users/w0lf/GitHub/wb_headers/macOS/Applications/Pages/5576
Pages : 5576
Dumping headers for : /Applications/Pages.app
Successfully dumped unprotected file

/Users/w0lf/GitHub/wb_headers/macOS/Applications/Safari Technology Preview/13606.1.9.3.1
Safari Technology Preview : 13606.1.9.3.1
Dumping headers for : /Applications/Safari Technology Preview.app
Successfully dumped unprotected file

/Users/w0lf/GitHub/wb_headers/macOS/Applications/Spotify/1.0.77.338.g758ebd78-42
Spotify : 1.0.77.338.g758ebd78-42
Dumping headers for : /Applications/Spotify.app
Successfully dumped unprotected file

/Users/w0lf/GitHub/wb_headers/macOS/Applications/cDock/5208
cDock : 5208
Dumping headers for : /Applications/cDock.app
Successfully dumped unprotected file

/Users/w0lf/GitHub/wb_headers/macOS/Applications/stts/20
stts : 20
Dumping headers for : /Applications/stts.app
Successfully dumped unprotected file

/Users/w0lf/GitHub/wb_headers/macOS/PrivateFrameworks/AOSKit/267
AOSKit : 267
Dumping headers for : /System/Library/PrivateFrameworks/AOSKit.framework
Successfully dumped unprotected file

/Users/w0lf/GitHub/wb_headers/macOS/PrivateFrameworks/StorageKit/470.17
StorageKit : 470.17
Dumping headers for : /System/Library/PrivateFrameworks/StorageKit.framework
Successfully dumped unprotected file

/Users/w0lf/GitHub/wb_headers/macOS/CoreServices/loginwindow/1791.4.8
loginwindow : 1791.4.8
Dumping headers for : /System/Library/CoreServices/loginwindow.app
Successfully dumped unprotected file


Publishing...
/Users/w0lf/GitHub/wb_headers
